Thu Jan 17 19:27:20 IST 2019  [debug] AvalonLogChute initialized using file 'velocity.log'
Thu Jan 17 19:27:20 IST 2019  [trace] *******************************************************************
Thu Jan 17 19:27:20 IST 2019  [debug] Starting Apache Velocity v1.5 (compiled: 2007-02-22 08:52:29)
Thu Jan 17 19:27:20 IST 2019  [trace] RuntimeInstance initializing.
Thu Jan 17 19:27:20 IST 2019  [debug] Default Properties File: org\apache\velocity\runtime\defaults\velocity.properties
Thu Jan 17 19:27:20 IST 2019  [debug] Trying to use logger class org.apache.velocity.runtime.log.AvalonLogChute
Thu Jan 17 19:27:20 IST 2019  [debug] Using logger class org.apache.velocity.runtime.log.AvalonLogChute
Thu Jan 17 19:27:20 IST 2019  [debug] Default ResourceManager initializing. (class org.apache.velocity.runtime.resource.ResourceManagerImpl)
Thu Jan 17 19:27:20 IST 2019  [trace] FileResourceLoader : initialization starting.
Thu Jan 17 19:27:20 IST 2019  [debug] Do unicode file recognition:  false
Thu Jan 17 19:27:20 IST 2019   [info] FileResourceLoader : adding path 'C:\Users\aman.singh\Desktop\Assignments\MavenAssignment\assignment\src\main\torque\templates'
Thu Jan 17 19:27:20 IST 2019  [trace] FileResourceLoader : initialization complete.
Thu Jan 17 19:27:20 IST 2019  [trace] ClasspathResourceLoader : initialization complete.
Thu Jan 17 19:27:20 IST 2019  [debug] ResourceCache: initialized (class org.apache.velocity.runtime.resource.ResourceCacheImpl)
Thu Jan 17 19:27:20 IST 2019  [trace] Default ResourceManager initialization complete.
Thu Jan 17 19:27:20 IST 2019  [debug] Loaded System Directive: org.apache.velocity.runtime.directive.Literal
Thu Jan 17 19:27:20 IST 2019  [debug] Loaded System Directive: org.apache.velocity.runtime.directive.Macro
Thu Jan 17 19:27:20 IST 2019  [debug] Loaded System Directive: org.apache.velocity.runtime.directive.Parse
Thu Jan 17 19:27:20 IST 2019  [debug] Loaded System Directive: org.apache.velocity.runtime.directive.Include
Thu Jan 17 19:27:20 IST 2019  [debug] Loaded System Directive: org.apache.velocity.runtime.directive.Foreach
Thu Jan 17 19:27:20 IST 2019  [debug] Created '20' parsers.
Thu Jan 17 19:27:20 IST 2019  [trace] Velocimacro : initialization starting.
Thu Jan 17 19:27:20 IST 2019  [debug] Velocimacro : "velocimacro.library" is not set.  Trying default library: VM_global_library.vm
Thu Jan 17 19:27:20 IST 2019  [debug] Velocimacro : Default library not found.
Thu Jan 17 19:27:20 IST 2019  [debug] Velocimacro : allowInline = true : VMs can be defined inline in templates
Thu Jan 17 19:27:20 IST 2019  [debug] Velocimacro : allowInlineToOverride = false : VMs defined inline may NOT replace previous VM definitions
Thu Jan 17 19:27:20 IST 2019  [debug] Velocimacro : allowInlineLocal = false : VMs defined inline will be global in scope if allowed.
Thu Jan 17 19:27:20 IST 2019  [debug] Velocimacro : autoload off : VM system will not automatically reload global library macros
Thu Jan 17 19:27:20 IST 2019  [trace] Velocimacro : Velocimacro : initialization complete.
Thu Jan 17 19:27:20 IST 2019  [trace] RuntimeInstance successfully initialized.
Thu Jan 17 19:27:20 IST 2019  [debug] ResourceManager : found sql/load/Control.vm with loader org.apache.velocity.runtime.resource.ResourceCacheImpl
